
ROM used: 20 (0%)
          20 (0%) including unused fragments

          0 Average locations per line
          5 Average locations per statement

RAM used: 6 (2%) at main() level
          6 (2%) worst case

Stack used: 0 worst case (out of 8 total available)

Lines Stmts  %   Files
----- ----- ---  -----
   10     4 100  uart.c
  303     0   0  16f877A.h
   92     0   0  16f877Adef.h
----- -----
  405     4 Total

Page ROM  %  RAM   Vol Diff  Functions:
---- --- --- ---   --- ----  ----------
0     16  80   0    50  1.8  main

Program metrics:
    Functions               1
    Statements              4
    Comments                78
    Volume (V)              50
    Difficilty (D)          1.8
    Effort to implement (E) 90
    Time to implement (T)   0 minutes
    Est Delivered Bugs (B)  0
    Cyclomatic Complexity   1
    Maintainability (MI)    173

 Segment     Used  Free
-----------  ----  ----
00000-00003     4  0  
00004-007FF    16  2028  
00800-00FFF     0  2048  
01000-017FF     0  2048  
01800-01FFF     0  2048  



